2012/08/20 23:35:08 [error] [php] date(): It is not safe to rely on the system's timezone settings. You are *required* to use the date.timezone setting or the date_default_timezone_set() function. In case you used any of those methods and you are still getting this warning, you most likely misspelled the timezone identifier. We selected 'Europe/Moscow' for 'MSK/4.0/no DST' instead (/var/www/dniwe.org/protected/views/layouts/main.php:51)
Stack trace:
#0 /var/www/dniwe.org/yii-1.1.12.b600af/framework/web/CBaseController.php(96): SiteController->renderInternal()
#1 /var/www/dniwe.org/yii-1.1.12.b600af/framework/web/widgets/CContentDecorator.php(77): SiteController->renderFile()
#2 /var/www/dniwe.org/yii-1.1.12.b600af/framework/web/widgets/CContentDecorator.php(55): CContentDecorator->decorate()
#3 /var/www/dniwe.org/yii-1.1.12.b600af/framework/web/widgets/COutputProcessor.php(45): CContentDecorator->processOutput()
#4 /var/www/dniwe.org/yii-1.1.12.b600af/framework/web/CBaseController.php(207): CContentDecorator->run()
#5 /var/www/dniwe.org/yii-1.1.12.b600af/framework/web/CBaseController.php(301): SiteController->endWidget()
#6 /var/www/dniwe.org/protected/views/layouts/column1.php(6): SiteController->endContent()
#7 /var/www/dniwe.org/yii-1.1.12.b600af/framework/web/CBaseController.php(127): require()
#8 /var/www/dniwe.org/yii-1.1.12.b600af/framework/web/CBaseController.php(96): SiteController->renderInternal()
#9 /var/www/dniwe.org/yii-1.1.12.b600af/framework/web/CController.php(785): SiteController->renderFile()
#10 /var/www/dniwe.org/protected/controllers/SiteController.php(32): SiteController->render()
#11 /var/www/dniwe.org/yii-1.1.12.b600af/framework/web/actions/CInlineAction.php(50): SiteController->actionIndex()
#12 /var/www/dniwe.org/yii-1.1.12.b600af/framework/web/CController.php(309): CInlineAction->runWithParams()
#13 /var/www/dniwe.org/yii-1.1.12.b600af/framework/web/CController.php(287): SiteController->runAction()
#14 /var/www/dniwe.org/yii-1.1.12.b600af/framework/web/CController.php(266): SiteController->runActionWithFilters()
#15 /var/www/dniwe.org/yii-1.1.12.b600af/framework/web/CWebApplication.php(283): SiteController->run()
#16 /var/www/dniwe.org/yii-1.1.12.b600af/framework/web/CWebApplication.php(142): CWebApplication->runController()
#17 /var/www/dniwe.org/yii-1.1.12.b600af/framework/base/CApplication.php(162): CWebApplication->processRequest()
#18 /var/www/dniwe.org/index.php(13): CWebApplication->run()
REQUEST_URI=/
in /var/www/dniwe.org/protected/views/layouts/main.php (51)
in /var/www/dniwe.org/protected/views/layouts/column1.php (6)
in /var/www/dniwe.org/protected/controllers/SiteController.php (32)
2012/08/20 23:35:09 [error] [php] date(): It is not safe to rely on the system's timezone settings. You are *required* to use the date.timezone setting or the date_default_timezone_set() function. In case you used any of those methods and you are still getting this warning, you most likely misspelled the timezone identifier. We selected 'Europe/Moscow' for 'MSK/4.0/no DST' instead (/var/www/dniwe.org/protected/views/layouts/main.php:51)
Stack trace:
#0 /var/www/dniwe.org/yii-1.1.12.b600af/framework/web/CBaseController.php(96): SiteController->renderInternal()
#1 /var/www/dniwe.org/yii-1.1.12.b600af/framework/web/widgets/CContentDecorator.php(77): SiteController->renderFile()
#2 /var/www/dniwe.org/yii-1.1.12.b600af/framework/web/widgets/CContentDecorator.php(55): CContentDecorator->decorate()
#3 /var/www/dniwe.org/yii-1.1.12.b600af/framework/web/widgets/COutputProcessor.php(45): CContentDecorator->processOutput()
#4 /var/www/dniwe.org/yii-1.1.12.b600af/framework/web/CBaseController.php(207): CContentDecorator->run()
#5 /var/www/dniwe.org/yii-1.1.12.b600af/framework/web/CBaseController.php(301): SiteController->endWidget()
#6 /var/www/dniwe.org/protected/views/layouts/column1.php(6): SiteController->endContent()
#7 /var/www/dniwe.org/yii-1.1.12.b600af/framework/web/CBaseController.php(127): require()
#8 /var/www/dniwe.org/yii-1.1.12.b600af/framework/web/CBaseController.php(96): SiteController->renderInternal()
#9 /var/www/dniwe.org/yii-1.1.12.b600af/framework/web/CController.php(785): SiteController->renderFile()
#10 /var/www/dniwe.org/protected/controllers/SiteController.php(32): SiteController->render()
#11 /var/www/dniwe.org/yii-1.1.12.b600af/framework/web/actions/CInlineAction.php(50): SiteController->actionIndex()
#12 /var/www/dniwe.org/yii-1.1.12.b600af/framework/web/CController.php(309): CInlineAction->runWithParams()
#13 /var/www/dniwe.org/yii-1.1.12.b600af/framework/web/CController.php(287): SiteController->runAction()
#14 /var/www/dniwe.org/yii-1.1.12.b600af/framework/web/CController.php(266): SiteController->runActionWithFilters()
#15 /var/www/dniwe.org/yii-1.1.12.b600af/framework/web/CWebApplication.php(283): SiteController->run()
#16 /var/www/dniwe.org/yii-1.1.12.b600af/framework/web/CWebApplication.php(142): CWebApplication->runController()
#17 /var/www/dniwe.org/yii-1.1.12.b600af/framework/base/CApplication.php(162): CWebApplication->processRequest()
#18 /var/www/dniwe.org/index.php(13): CWebApplication->run()
REQUEST_URI=/favicon.ico
in /var/www/dniwe.org/protected/views/layouts/main.php (51)
in /var/www/dniwe.org/protected/views/layouts/column1.php (6)
in /var/www/dniwe.org/protected/controllers/SiteController.php (32)
2012/08/20 23:35:28 [error] [php] date(): It is not safe to rely on the system's timezone settings. You are *required* to use the date.timezone setting or the date_default_timezone_set() function. In case you used any of those methods and you are still getting this warning, you most likely misspelled the timezone identifier. We selected 'Europe/Moscow' for 'MSK/4.0/no DST' instead (/var/www/dniwe.org/protected/views/layouts/main.php:51)
Stack trace:
#0 /var/www/dniwe.org/yii-1.1.12.b600af/framework/web/CBaseController.php(96): SiteController->renderInternal()
#1 /var/www/dniwe.org/yii-1.1.12.b600af/framework/web/widgets/CContentDecorator.php(77): SiteController->renderFile()
#2 /var/www/dniwe.org/yii-1.1.12.b600af/framework/web/widgets/CContentDecorator.php(55): CContentDecorator->decorate()
#3 /var/www/dniwe.org/yii-1.1.12.b600af/framework/web/widgets/COutputProcessor.php(45): CContentDecorator->processOutput()
#4 /var/www/dniwe.org/yii-1.1.12.b600af/framework/web/CBaseController.php(207): CContentDecorator->run()
#5 /var/www/dniwe.org/yii-1.1.12.b600af/framework/web/CBaseController.php(301): SiteController->endWidget()
#6 /var/www/dniwe.org/protected/views/layouts/column1.php(6): SiteController->endContent()
#7 /var/www/dniwe.org/yii-1.1.12.b600af/framework/web/CBaseController.php(127): require()
#8 /var/www/dniwe.org/yii-1.1.12.b600af/framework/web/CBaseController.php(96): SiteController->renderInternal()
#9 /var/www/dniwe.org/yii-1.1.12.b600af/framework/web/CController.php(785): SiteController->renderFile()
#10 /var/www/dniwe.org/protected/controllers/SiteController.php(32): SiteController->render()
#11 /var/www/dniwe.org/yii-1.1.12.b600af/framework/web/actions/CInlineAction.php(50): SiteController->actionIndex()
#12 /var/www/dniwe.org/yii-1.1.12.b600af/framework/web/CController.php(309): CInlineAction->runWithParams()
#13 /var/www/dniwe.org/yii-1.1.12.b600af/framework/web/CController.php(287): SiteController->runAction()
#14 /var/www/dniwe.org/yii-1.1.12.b600af/framework/web/CController.php(266): SiteController->runActionWithFilters()
#15 /var/www/dniwe.org/yii-1.1.12.b600af/framework/web/CWebApplication.php(283): SiteController->run()
#16 /var/www/dniwe.org/yii-1.1.12.b600af/framework/web/CWebApplication.php(142): CWebApplication->runController()
#17 /var/www/dniwe.org/yii-1.1.12.b600af/framework/base/CApplication.php(162): CWebApplication->processRequest()
#18 /var/www/dniwe.org/index.php(13): CWebApplication->run()
REQUEST_URI=/
in /var/www/dniwe.org/protected/views/layouts/main.php (51)
in /var/www/dniwe.org/protected/views/layouts/column1.php (6)
in /var/www/dniwe.org/protected/controllers/SiteController.php (32)
2012/08/20 23:35:28 [error] [php] date(): It is not safe to rely on the system's timezone settings. You are *required* to use the date.timezone setting or the date_default_timezone_set() function. In case you used any of those methods and you are still getting this warning, you most likely misspelled the timezone identifier. We selected 'Europe/Moscow' for 'MSK/4.0/no DST' instead (/var/www/dniwe.org/protected/views/layouts/main.php:51)
Stack trace:
#0 /var/www/dniwe.org/yii-1.1.12.b600af/framework/web/CBaseController.php(96): SiteController->renderInternal()
#1 /var/www/dniwe.org/yii-1.1.12.b600af/framework/web/widgets/CContentDecorator.php(77): SiteController->renderFile()
#2 /var/www/dniwe.org/yii-1.1.12.b600af/framework/web/widgets/CContentDecorator.php(55): CContentDecorator->decorate()
#3 /var/www/dniwe.org/yii-1.1.12.b600af/framework/web/widgets/COutputProcessor.php(45): CContentDecorator->processOutput()
#4 /var/www/dniwe.org/yii-1.1.12.b600af/framework/web/CBaseController.php(207): CContentDecorator->run()
#5 /var/www/dniwe.org/yii-1.1.12.b600af/framework/web/CBaseController.php(301): SiteController->endWidget()
#6 /var/www/dniwe.org/protected/views/layouts/column1.php(6): SiteController->endContent()
#7 /var/www/dniwe.org/yii-1.1.12.b600af/framework/web/CBaseController.php(127): require()
#8 /var/www/dniwe.org/yii-1.1.12.b600af/framework/web/CBaseController.php(96): SiteController->renderInternal()
#9 /var/www/dniwe.org/yii-1.1.12.b600af/framework/web/CController.php(785): SiteController->renderFile()
#10 /var/www/dniwe.org/protected/controllers/SiteController.php(32): SiteController->render()
#11 /var/www/dniwe.org/yii-1.1.12.b600af/framework/web/actions/CInlineAction.php(50): SiteController->actionIndex()
#12 /var/www/dniwe.org/yii-1.1.12.b600af/framework/web/CController.php(309): CInlineAction->runWithParams()
#13 /var/www/dniwe.org/yii-1.1.12.b600af/framework/web/CController.php(287): SiteController->runAction()
#14 /var/www/dniwe.org/yii-1.1.12.b600af/framework/web/CController.php(266): SiteController->runActionWithFilters()
#15 /var/www/dniwe.org/yii-1.1.12.b600af/framework/web/CWebApplication.php(283): SiteController->run()
#16 /var/www/dniwe.org/yii-1.1.12.b600af/framework/web/CWebApplication.php(142): CWebApplication->runController()
#17 /var/www/dniwe.org/yii-1.1.12.b600af/framework/base/CApplication.php(162): CWebApplication->processRequest()
#18 /var/www/dniwe.org/index.php(13): CWebApplication->run()
REQUEST_URI=/favicon.ico
in /var/www/dniwe.org/protected/views/layouts/main.php (51)
in /var/www/dniwe.org/protected/views/layouts/column1.php (6)
in /var/www/dniwe.org/protected/controllers/SiteController.php (32)
2012/08/20 23:36:02 [error] [php] date(): It is not safe to rely on the system's timezone settings. You are *required* to use the date.timezone setting or the date_default_timezone_set() function. In case you used any of those methods and you are still getting this warning, you most likely misspelled the timezone identifier. We selected 'Europe/Moscow' for 'MSK/4.0/no DST' instead (/var/www/dniwe.org/protected/views/layouts/main.php:51)
Stack trace:
#0 /var/www/dniwe.org/yii-1.1.12.b600af/framework/web/CBaseController.php(96): SiteController->renderInternal()
#1 /var/www/dniwe.org/yii-1.1.12.b600af/framework/web/widgets/CContentDecorator.php(77): SiteController->renderFile()
#2 /var/www/dniwe.org/yii-1.1.12.b600af/framework/web/widgets/CContentDecorator.php(55): CContentDecorator->decorate()
#3 /var/www/dniwe.org/yii-1.1.12.b600af/framework/web/widgets/COutputProcessor.php(45): CContentDecorator->processOutput()
#4 /var/www/dniwe.org/yii-1.1.12.b600af/framework/web/CBaseController.php(207): CContentDecorator->run()
#5 /var/www/dniwe.org/yii-1.1.12.b600af/framework/web/CBaseController.php(301): SiteController->endWidget()
#6 /var/www/dniwe.org/protected/views/layouts/column1.php(6): SiteController->endContent()
#7 /var/www/dniwe.org/yii-1.1.12.b600af/framework/web/CBaseController.php(127): require()
#8 /var/www/dniwe.org/yii-1.1.12.b600af/framework/web/CBaseController.php(96): SiteController->renderInternal()
#9 /var/www/dniwe.org/yii-1.1.12.b600af/framework/web/CController.php(785): SiteController->renderFile()
#10 /var/www/dniwe.org/protected/controllers/SiteController.php(32): SiteController->render()
#11 /var/www/dniwe.org/yii-1.1.12.b600af/framework/web/actions/CInlineAction.php(50): SiteController->actionIndex()
#12 /var/www/dniwe.org/yii-1.1.12.b600af/framework/web/CController.php(309): CInlineAction->runWithParams()
#13 /var/www/dniwe.org/yii-1.1.12.b600af/framework/web/CController.php(287): SiteController->runAction()
#14 /var/www/dniwe.org/yii-1.1.12.b600af/framework/web/CController.php(266): SiteController->runActionWithFilters()
#15 /var/www/dniwe.org/yii-1.1.12.b600af/framework/web/CWebApplication.php(283): SiteController->run()
#16 /var/www/dniwe.org/yii-1.1.12.b600af/framework/web/CWebApplication.php(142): CWebApplication->runController()
#17 /var/www/dniwe.org/yii-1.1.12.b600af/framework/base/CApplication.php(162): CWebApplication->processRequest()
#18 /var/www/dniwe.org/index.php(13): CWebApplication->run()
REQUEST_URI=/
in /var/www/dniwe.org/protected/views/layouts/main.php (51)
in /var/www/dniwe.org/protected/views/layouts/column1.php (6)
in /var/www/dniwe.org/protected/controllers/SiteController.php (32)
2012/08/20 23:36:03 [error] [php] date(): It is not safe to rely on the system's timezone settings. You are *required* to use the date.timezone setting or the date_default_timezone_set() function. In case you used any of those methods and you are still getting this warning, you most likely misspelled the timezone identifier. We selected 'Europe/Moscow' for 'MSK/4.0/no DST' instead (/var/www/dniwe.org/protected/views/layouts/main.php:51)
Stack trace:
#0 /var/www/dniwe.org/yii-1.1.12.b600af/framework/web/CBaseController.php(96): SiteController->renderInternal()
#1 /var/www/dniwe.org/yii-1.1.12.b600af/framework/web/widgets/CContentDecorator.php(77): SiteController->renderFile()
#2 /var/www/dniwe.org/yii-1.1.12.b600af/framework/web/widgets/CContentDecorator.php(55): CContentDecorator->decorate()
#3 /var/www/dniwe.org/yii-1.1.12.b600af/framework/web/widgets/COutputProcessor.php(45): CContentDecorator->processOutput()
#4 /var/www/dniwe.org/yii-1.1.12.b600af/framework/web/CBaseController.php(207): CContentDecorator->run()
#5 /var/www/dniwe.org/yii-1.1.12.b600af/framework/web/CBaseController.php(301): SiteController->endWidget()
#6 /var/www/dniwe.org/protected/views/layouts/column1.php(6): SiteController->endContent()
#7 /var/www/dniwe.org/yii-1.1.12.b600af/framework/web/CBaseController.php(127): require()
#8 /var/www/dniwe.org/yii-1.1.12.b600af/framework/web/CBaseController.php(96): SiteController->renderInternal()
#9 /var/www/dniwe.org/yii-1.1.12.b600af/framework/web/CController.php(785): SiteController->renderFile()
#10 /var/www/dniwe.org/protected/controllers/SiteController.php(32): SiteController->render()
#11 /var/www/dniwe.org/yii-1.1.12.b600af/framework/web/actions/CInlineAction.php(50): SiteController->actionIndex()
#12 /var/www/dniwe.org/yii-1.1.12.b600af/framework/web/CController.php(309): CInlineAction->runWithParams()
#13 /var/www/dniwe.org/yii-1.1.12.b600af/framework/web/CController.php(287): SiteController->runAction()
#14 /var/www/dniwe.org/yii-1.1.12.b600af/framework/web/CController.php(266): SiteController->runActionWithFilters()
#15 /var/www/dniwe.org/yii-1.1.12.b600af/framework/web/CWebApplication.php(283): SiteController->run()
#16 /var/www/dniwe.org/yii-1.1.12.b600af/framework/web/CWebApplication.php(142): CWebApplication->runController()
#17 /var/www/dniwe.org/yii-1.1.12.b600af/framework/base/CApplication.php(162): CWebApplication->processRequest()
#18 /var/www/dniwe.org/index.php(13): CWebApplication->run()
REQUEST_URI=/favicon.ico
in /var/www/dniwe.org/protected/views/layouts/main.php (51)
in /var/www/dniwe.org/protected/views/layouts/column1.php (6)
in /var/www/dniwe.org/protected/controllers/SiteController.php (32)
2012/08/20 23:36:06 [error] [php] date(): It is not safe to rely on the system's timezone settings. You are *required* to use the date.timezone setting or the date_default_timezone_set() function. In case you used any of those methods and you are still getting this warning, you most likely misspelled the timezone identifier. We selected 'Europe/Moscow' for 'MSK/4.0/no DST' instead (/var/www/dniwe.org/protected/views/layouts/main.php:51)
Stack trace:
#0 /var/www/dniwe.org/yii-1.1.12.b600af/framework/web/CBaseController.php(96): SiteController->renderInternal()
#1 /var/www/dniwe.org/yii-1.1.12.b600af/framework/web/widgets/CContentDecorator.php(77): SiteController->renderFile()
#2 /var/www/dniwe.org/yii-1.1.12.b600af/framework/web/widgets/CContentDecorator.php(55): CContentDecorator->decorate()
#3 /var/www/dniwe.org/yii-1.1.12.b600af/framework/web/widgets/COutputProcessor.php(45): CContentDecorator->processOutput()
#4 /var/www/dniwe.org/yii-1.1.12.b600af/framework/web/CBaseController.php(207): CContentDecorator->run()
#5 /var/www/dniwe.org/yii-1.1.12.b600af/framework/web/CBaseController.php(301): SiteController->endWidget()
#6 /var/www/dniwe.org/protected/views/layouts/column1.php(6): SiteController->endContent()
#7 /var/www/dniwe.org/yii-1.1.12.b600af/framework/web/CBaseController.php(127): require()
#8 /var/www/dniwe.org/yii-1.1.12.b600af/framework/web/CBaseController.php(96): SiteController->renderInternal()
#9 /var/www/dniwe.org/yii-1.1.12.b600af/framework/web/CController.php(785): SiteController->renderFile()
#10 /var/www/dniwe.org/protected/controllers/SiteController.php(32): SiteController->render()
#11 /var/www/dniwe.org/yii-1.1.12.b600af/framework/web/actions/CInlineAction.php(50): SiteController->actionIndex()
#12 /var/www/dniwe.org/yii-1.1.12.b600af/framework/web/CController.php(309): CInlineAction->runWithParams()
#13 /var/www/dniwe.org/yii-1.1.12.b600af/framework/web/CController.php(287): SiteController->runAction()
#14 /var/www/dniwe.org/yii-1.1.12.b600af/framework/web/CController.php(266): SiteController->runActionWithFilters()
#15 /var/www/dniwe.org/yii-1.1.12.b600af/framework/web/CWebApplication.php(283): SiteController->run()
#16 /var/www/dniwe.org/yii-1.1.12.b600af/framework/web/CWebApplication.php(142): CWebApplication->runController()
#17 /var/www/dniwe.org/yii-1.1.12.b600af/framework/base/CApplication.php(162): CWebApplication->processRequest()
#18 /var/www/dniwe.org/index.php(13): CWebApplication->run()
REQUEST_URI=/
in /var/www/dniwe.org/protected/views/layouts/main.php (51)
in /var/www/dniwe.org/protected/views/layouts/column1.php (6)
in /var/www/dniwe.org/protected/controllers/SiteController.php (32)
2012/08/20 23:36:07 [error] [php] date(): It is not safe to rely on the system's timezone settings. You are *required* to use the date.timezone setting or the date_default_timezone_set() function. In case you used any of those methods and you are still getting this warning, you most likely misspelled the timezone identifier. We selected 'Europe/Moscow' for 'MSK/4.0/no DST' instead (/var/www/dniwe.org/protected/views/layouts/main.php:51)
Stack trace:
#0 /var/www/dniwe.org/yii-1.1.12.b600af/framework/web/CBaseController.php(96): SiteController->renderInternal()
#1 /var/www/dniwe.org/yii-1.1.12.b600af/framework/web/widgets/CContentDecorator.php(77): SiteController->renderFile()
#2 /var/www/dniwe.org/yii-1.1.12.b600af/framework/web/widgets/CContentDecorator.php(55): CContentDecorator->decorate()
#3 /var/www/dniwe.org/yii-1.1.12.b600af/framework/web/widgets/COutputProcessor.php(45): CContentDecorator->processOutput()
#4 /var/www/dniwe.org/yii-1.1.12.b600af/framework/web/CBaseController.php(207): CContentDecorator->run()
#5 /var/www/dniwe.org/yii-1.1.12.b600af/framework/web/CBaseController.php(301): SiteController->endWidget()
#6 /var/www/dniwe.org/protected/views/layouts/column1.php(6): SiteController->endContent()
#7 /var/www/dniwe.org/yii-1.1.12.b600af/framework/web/CBaseController.php(127): require()
#8 /var/www/dniwe.org/yii-1.1.12.b600af/framework/web/CBaseController.php(96): SiteController->renderInternal()
#9 /var/www/dniwe.org/yii-1.1.12.b600af/framework/web/CController.php(785): SiteController->renderFile()
#10 /var/www/dniwe.org/protected/controllers/SiteController.php(32): SiteController->render()
#11 /var/www/dniwe.org/yii-1.1.12.b600af/framework/web/actions/CInlineAction.php(50): SiteController->actionIndex()
#12 /var/www/dniwe.org/yii-1.1.12.b600af/framework/web/CController.php(309): CInlineAction->runWithParams()
#13 /var/www/dniwe.org/yii-1.1.12.b600af/framework/web/CController.php(287): SiteController->runAction()
#14 /var/www/dniwe.org/yii-1.1.12.b600af/framework/web/CController.php(266): SiteController->runActionWithFilters()
#15 /var/www/dniwe.org/yii-1.1.12.b600af/framework/web/CWebApplication.php(283): SiteController->run()
#16 /var/www/dniwe.org/yii-1.1.12.b600af/framework/web/CWebApplication.php(142): CWebApplication->runController()
#17 /var/www/dniwe.org/yii-1.1.12.b600af/framework/base/CApplication.php(162): CWebApplication->processRequest()
#18 /var/www/dniwe.org/index.php(13): CWebApplication->run()
REQUEST_URI=/favicon.ico
in /var/www/dniwe.org/protected/views/layouts/main.php (51)
in /var/www/dniwe.org/protected/views/layouts/column1.php (6)
in /var/www/dniwe.org/protected/controllers/SiteController.php (32)
2012/08/20 23:36:50 [error] [php] date(): It is not safe to rely on the system's timezone settings. You are *required* to use the date.timezone setting or the date_default_timezone_set() function. In case you used any of those methods and you are still getting this warning, you most likely misspelled the timezone identifier. We selected 'Europe/Moscow' for 'MSK/4.0/no DST' instead (/var/www/dniwe.org/protected/views/layouts/main.php:51)
Stack trace:
#0 /var/www/dniwe.org/yii-1.1.12.b600af/framework/web/CBaseController.php(96): SiteController->renderInternal()
#1 /var/www/dniwe.org/yii-1.1.12.b600af/framework/web/widgets/CContentDecorator.php(77): SiteController->renderFile()
#2 /var/www/dniwe.org/yii-1.1.12.b600af/framework/web/widgets/CContentDecorator.php(55): CContentDecorator->decorate()
#3 /var/www/dniwe.org/yii-1.1.12.b600af/framework/web/widgets/COutputProcessor.php(45): CContentDecorator->processOutput()
#4 /var/www/dniwe.org/yii-1.1.12.b600af/framework/web/CBaseController.php(207): CContentDecorator->run()
#5 /var/www/dniwe.org/yii-1.1.12.b600af/framework/web/CBaseController.php(301): SiteController->endWidget()
#6 /var/www/dniwe.org/protected/views/layouts/column1.php(6): SiteController->endContent()
#7 /var/www/dniwe.org/yii-1.1.12.b600af/framework/web/CBaseController.php(127): require()
#8 /var/www/dniwe.org/yii-1.1.12.b600af/framework/web/CBaseController.php(96): SiteController->renderInternal()
#9 /var/www/dniwe.org/yii-1.1.12.b600af/framework/web/CController.php(785): SiteController->renderFile()
#10 /var/www/dniwe.org/protected/controllers/SiteController.php(32): SiteController->render()
#11 /var/www/dniwe.org/yii-1.1.12.b600af/framework/web/actions/CInlineAction.php(50): SiteController->actionIndex()
#12 /var/www/dniwe.org/yii-1.1.12.b600af/framework/web/CController.php(309): CInlineAction->runWithParams()
#13 /var/www/dniwe.org/yii-1.1.12.b600af/framework/web/CController.php(287): SiteController->runAction()
#14 /var/www/dniwe.org/yii-1.1.12.b600af/framework/web/CController.php(266): SiteController->runActionWithFilters()
#15 /var/www/dniwe.org/yii-1.1.12.b600af/framework/web/CWebApplication.php(283): SiteController->run()
#16 /var/www/dniwe.org/yii-1.1.12.b600af/framework/web/CWebApplication.php(142): CWebApplication->runController()
#17 /var/www/dniwe.org/yii-1.1.12.b600af/framework/base/CApplication.php(162): CWebApplication->processRequest()
#18 /var/www/dniwe.org/index.php(13): CWebApplication->run()
REQUEST_URI=/
in /var/www/dniwe.org/protected/views/layouts/main.php (51)
in /var/www/dniwe.org/protected/views/layouts/column1.php (6)
in /var/www/dniwe.org/protected/controllers/SiteController.php (32)
2012/08/20 23:36:50 [error] [php] date(): It is not safe to rely on the system's timezone settings. You are *required* to use the date.timezone setting or the date_default_timezone_set() function. In case you used any of those methods and you are still getting this warning, you most likely misspelled the timezone identifier. We selected 'Europe/Moscow' for 'MSK/4.0/no DST' instead (/var/www/dniwe.org/protected/views/layouts/main.php:51)
Stack trace:
#0 /var/www/dniwe.org/yii-1.1.12.b600af/framework/web/CBaseController.php(96): SiteController->renderInternal()
#1 /var/www/dniwe.org/yii-1.1.12.b600af/framework/web/widgets/CContentDecorator.php(77): SiteController->renderFile()
#2 /var/www/dniwe.org/yii-1.1.12.b600af/framework/web/widgets/CContentDecorator.php(55): CContentDecorator->decorate()
#3 /var/www/dniwe.org/yii-1.1.12.b600af/framework/web/widgets/COutputProcessor.php(45): CContentDecorator->processOutput()
#4 /var/www/dniwe.org/yii-1.1.12.b600af/framework/web/CBaseController.php(207): CContentDecorator->run()
#5 /var/www/dniwe.org/yii-1.1.12.b600af/framework/web/CBaseController.php(301): SiteController->endWidget()
#6 /var/www/dniwe.org/protected/views/layouts/column1.php(6): SiteController->endContent()
#7 /var/www/dniwe.org/yii-1.1.12.b600af/framework/web/CBaseController.php(127): require()
#8 /var/www/dniwe.org/yii-1.1.12.b600af/framework/web/CBaseController.php(96): SiteController->renderInternal()
#9 /var/www/dniwe.org/yii-1.1.12.b600af/framework/web/CController.php(785): SiteController->renderFile()
#10 /var/www/dniwe.org/protected/controllers/SiteController.php(32): SiteController->render()
#11 /var/www/dniwe.org/yii-1.1.12.b600af/framework/web/actions/CInlineAction.php(50): SiteController->actionIndex()
#12 /var/www/dniwe.org/yii-1.1.12.b600af/framework/web/CController.php(309): CInlineAction->runWithParams()
#13 /var/www/dniwe.org/yii-1.1.12.b600af/framework/web/CController.php(287): SiteController->runAction()
#14 /var/www/dniwe.org/yii-1.1.12.b600af/framework/web/CController.php(266): SiteController->runActionWithFilters()
#15 /var/www/dniwe.org/yii-1.1.12.b600af/framework/web/CWebApplication.php(283): SiteController->run()
#16 /var/www/dniwe.org/yii-1.1.12.b600af/framework/web/CWebApplication.php(142): CWebApplication->runController()
#17 /var/www/dniwe.org/yii-1.1.12.b600af/framework/base/CApplication.php(162): CWebApplication->processRequest()
#18 /var/www/dniwe.org/index.php(13): CWebApplication->run()
REQUEST_URI=/favicon.ico
in /var/www/dniwe.org/protected/views/layouts/main.php (51)
in /var/www/dniwe.org/protected/views/layouts/column1.php (6)
in /var/www/dniwe.org/protected/controllers/SiteController.php (32)
2012/08/20 23:37:36 [error] [php] date(): It is not safe to rely on the system's timezone settings. You are *required* to use the date.timezone setting or the date_default_timezone_set() function. In case you used any of those methods and you are still getting this warning, you most likely misspelled the timezone identifier. We selected 'Europe/Moscow' for 'MSK/4.0/no DST' instead (/var/www/dniwe.org/protected/views/layouts/main.php:51)
Stack trace:
#0 /var/www/dniwe.org/yii-1.1.12.b600af/framework/web/CBaseController.php(96): SiteController->renderInternal()
#1 /var/www/dniwe.org/yii-1.1.12.b600af/framework/web/widgets/CContentDecorator.php(77): SiteController->renderFile()
#2 /var/www/dniwe.org/yii-1.1.12.b600af/framework/web/widgets/CContentDecorator.php(55): CContentDecorator->decorate()
#3 /var/www/dniwe.org/yii-1.1.12.b600af/framework/web/widgets/COutputProcessor.php(45): CContentDecorator->processOutput()
#4 /var/www/dniwe.org/yii-1.1.12.b600af/framework/web/CBaseController.php(207): CContentDecorator->run()
#5 /var/www/dniwe.org/yii-1.1.12.b600af/framework/web/CBaseController.php(301): SiteController->endWidget()
#6 /var/www/dniwe.org/protected/views/layouts/column1.php(6): SiteController->endContent()
#7 /var/www/dniwe.org/yii-1.1.12.b600af/framework/web/CBaseController.php(127): require()
#8 /var/www/dniwe.org/yii-1.1.12.b600af/framework/web/CBaseController.php(96): SiteController->renderInternal()
#9 /var/www/dniwe.org/yii-1.1.12.b600af/framework/web/CController.php(785): SiteController->renderFile()
#10 /var/www/dniwe.org/protected/controllers/SiteController.php(32): SiteController->render()
#11 /var/www/dniwe.org/yii-1.1.12.b600af/framework/web/actions/CInlineAction.php(50): SiteController->actionIndex()
#12 /var/www/dniwe.org/yii-1.1.12.b600af/framework/web/CController.php(309): CInlineAction->runWithParams()
#13 /var/www/dniwe.org/yii-1.1.12.b600af/framework/web/CController.php(287): SiteController->runAction()
#14 /var/www/dniwe.org/yii-1.1.12.b600af/framework/web/CController.php(266): SiteController->runActionWithFilters()
#15 /var/www/dniwe.org/yii-1.1.12.b600af/framework/web/CWebApplication.php(283): SiteController->run()
#16 /var/www/dniwe.org/yii-1.1.12.b600af/framework/web/CWebApplication.php(142): CWebApplication->runController()
#17 /var/www/dniwe.org/yii-1.1.12.b600af/framework/base/CApplication.php(162): CWebApplication->processRequest()
#18 /var/www/dniwe.org/index.php(13): CWebApplication->run()
REQUEST_URI=/favicon.ico
in /var/www/dniwe.org/protected/views/layouts/main.php (51)
in /var/www/dniwe.org/protected/views/layouts/column1.php (6)
in /var/www/dniwe.org/protected/controllers/SiteController.php (32)
2012/08/20 23:37:39 [error] [php] date(): It is not safe to rely on the system's timezone settings. You are *required* to use the date.timezone setting or the date_default_timezone_set() function. In case you used any of those methods and you are still getting this warning, you most likely misspelled the timezone identifier. We selected 'Europe/Moscow' for 'MSK/4.0/no DST' instead (/var/www/dniwe.org/protected/views/layouts/main.php:51)
Stack trace:
#0 /var/www/dniwe.org/yii-1.1.12.b600af/framework/web/CBaseController.php(96): SiteController->renderInternal()
#1 /var/www/dniwe.org/yii-1.1.12.b600af/framework/web/widgets/CContentDecorator.php(77): SiteController->renderFile()
#2 /var/www/dniwe.org/yii-1.1.12.b600af/framework/web/widgets/CContentDecorator.php(55): CContentDecorator->decorate()
#3 /var/www/dniwe.org/yii-1.1.12.b600af/framework/web/widgets/COutputProcessor.php(45): CContentDecorator->processOutput()
#4 /var/www/dniwe.org/yii-1.1.12.b600af/framework/web/CBaseController.php(207): CContentDecorator->run()
#5 /var/www/dniwe.org/yii-1.1.12.b600af/framework/web/CBaseController.php(301): SiteController->endWidget()
#6 /var/www/dniwe.org/protected/views/layouts/column1.php(6): SiteController->endContent()
#7 /var/www/dniwe.org/yii-1.1.12.b600af/framework/web/CBaseController.php(127): require()
#8 /var/www/dniwe.org/yii-1.1.12.b600af/framework/web/CBaseController.php(96): SiteController->renderInternal()
#9 /var/www/dniwe.org/yii-1.1.12.b600af/framework/web/CController.php(785): SiteController->renderFile()
#10 /var/www/dniwe.org/protected/controllers/SiteController.php(32): SiteController->render()
#11 /var/www/dniwe.org/yii-1.1.12.b600af/framework/web/actions/CInlineAction.php(50): SiteController->actionIndex()
#12 /var/www/dniwe.org/yii-1.1.12.b600af/framework/web/CController.php(309): CInlineAction->runWithParams()
#13 /var/www/dniwe.org/yii-1.1.12.b600af/framework/web/CController.php(287): SiteController->runAction()
#14 /var/www/dniwe.org/yii-1.1.12.b600af/framework/web/CController.php(266): SiteController->runActionWithFilters()
#15 /var/www/dniwe.org/yii-1.1.12.b600af/framework/web/CWebApplication.php(283): SiteController->run()
#16 /var/www/dniwe.org/yii-1.1.12.b600af/framework/web/CWebApplication.php(142): CWebApplication->runController()
#17 /var/www/dniwe.org/yii-1.1.12.b600af/framework/base/CApplication.php(162): CWebApplication->processRequest()
#18 /var/www/dniwe.org/index.php(13): CWebApplication->run()
REQUEST_URI=/
in /var/www/dniwe.org/protected/views/layouts/main.php (51)
in /var/www/dniwe.org/protected/views/layouts/column1.php (6)
in /var/www/dniwe.org/protected/controllers/SiteController.php (32)
2012/08/20 23:37:39 [error] [php] date(): It is not safe to rely on the system's timezone settings. You are *required* to use the date.timezone setting or the date_default_timezone_set() function. In case you used any of those methods and you are still getting this warning, you most likely misspelled the timezone identifier. We selected 'Europe/Moscow' for 'MSK/4.0/no DST' instead (/var/www/dniwe.org/protected/views/layouts/main.php:51)
Stack trace:
#0 /var/www/dniwe.org/yii-1.1.12.b600af/framework/web/CBaseController.php(96): SiteController->renderInternal()
#1 /var/www/dniwe.org/yii-1.1.12.b600af/framework/web/widgets/CContentDecorator.php(77): SiteController->renderFile()
#2 /var/www/dniwe.org/yii-1.1.12.b600af/framework/web/widgets/CContentDecorator.php(55): CContentDecorator->decorate()
#3 /var/www/dniwe.org/yii-1.1.12.b600af/framework/web/widgets/COutputProcessor.php(45): CContentDecorator->processOutput()
#4 /var/www/dniwe.org/yii-1.1.12.b600af/framework/web/CBaseController.php(207): CContentDecorator->run()
#5 /var/www/dniwe.org/yii-1.1.12.b600af/framework/web/CBaseController.php(301): SiteController->endWidget()
#6 /var/www/dniwe.org/protected/views/layouts/column1.php(6): SiteController->endContent()
#7 /var/www/dniwe.org/yii-1.1.12.b600af/framework/web/CBaseController.php(127): require()
#8 /var/www/dniwe.org/yii-1.1.12.b600af/framework/web/CBaseController.php(96): SiteController->renderInternal()
#9 /var/www/dniwe.org/yii-1.1.12.b600af/framework/web/CController.php(785): SiteController->renderFile()
#10 /var/www/dniwe.org/protected/controllers/SiteController.php(32): SiteController->render()
#11 /var/www/dniwe.org/yii-1.1.12.b600af/framework/web/actions/CInlineAction.php(50): SiteController->actionIndex()
#12 /var/www/dniwe.org/yii-1.1.12.b600af/framework/web/CController.php(309): CInlineAction->runWithParams()
#13 /var/www/dniwe.org/yii-1.1.12.b600af/framework/web/CController.php(287): SiteController->runAction()
#14 /var/www/dniwe.org/yii-1.1.12.b600af/framework/web/CController.php(266): SiteController->runActionWithFilters()
#15 /var/www/dniwe.org/yii-1.1.12.b600af/framework/web/CWebApplication.php(283): SiteController->run()
#16 /var/www/dniwe.org/yii-1.1.12.b600af/framework/web/CWebApplication.php(142): CWebApplication->runController()
#17 /var/www/dniwe.org/yii-1.1.12.b600af/framework/base/CApplication.php(162): CWebApplication->processRequest()
#18 /var/www/dniwe.org/index.php(13): CWebApplication->run()
REQUEST_URI=/favicon.ico
in /var/www/dniwe.org/protected/views/layouts/main.php (51)
in /var/www/dniwe.org/protected/views/layouts/column1.php (6)
in /var/www/dniwe.org/protected/controllers/SiteController.php (32)
2012/08/20 23:37:41 [error] [php] date(): It is not safe to rely on the system's timezone settings. You are *required* to use the date.timezone setting or the date_default_timezone_set() function. In case you used any of those methods and you are still getting this warning, you most likely misspelled the timezone identifier. We selected 'Europe/Moscow' for 'MSK/4.0/no DST' instead (/var/www/dniwe.org/protected/views/layouts/main.php:51)
Stack trace:
#0 /var/www/dniwe.org/yii-1.1.12.b600af/framework/web/CBaseController.php(96): SiteController->renderInternal()
#1 /var/www/dniwe.org/yii-1.1.12.b600af/framework/web/widgets/CContentDecorator.php(77): SiteController->renderFile()
#2 /var/www/dniwe.org/yii-1.1.12.b600af/framework/web/widgets/CContentDecorator.php(55): CContentDecorator->decorate()
#3 /var/www/dniwe.org/yii-1.1.12.b600af/framework/web/widgets/COutputProcessor.php(45): CContentDecorator->processOutput()
#4 /var/www/dniwe.org/yii-1.1.12.b600af/framework/web/CBaseController.php(207): CContentDecorator->run()
#5 /var/www/dniwe.org/yii-1.1.12.b600af/framework/web/CBaseController.php(301): SiteController->endWidget()
#6 /var/www/dniwe.org/protected/views/layouts/column1.php(6): SiteController->endContent()
#7 /var/www/dniwe.org/yii-1.1.12.b600af/framework/web/CBaseController.php(127): require()
#8 /var/www/dniwe.org/yii-1.1.12.b600af/framework/web/CBaseController.php(96): SiteController->renderInternal()
#9 /var/www/dniwe.org/yii-1.1.12.b600af/framework/web/CController.php(785): SiteController->renderFile()
#10 /var/www/dniwe.org/protected/controllers/SiteController.php(32): SiteController->render()
#11 /var/www/dniwe.org/yii-1.1.12.b600af/framework/web/actions/CInlineAction.php(50): SiteController->actionIndex()
#12 /var/www/dniwe.org/yii-1.1.12.b600af/framework/web/CController.php(309): CInlineAction->runWithParams()
#13 /var/www/dniwe.org/yii-1.1.12.b600af/framework/web/CController.php(287): SiteController->runAction()
#14 /var/www/dniwe.org/yii-1.1.12.b600af/framework/web/CController.php(266): SiteController->runActionWithFilters()
#15 /var/www/dniwe.org/yii-1.1.12.b600af/framework/web/CWebApplication.php(283): SiteController->run()
#16 /var/www/dniwe.org/yii-1.1.12.b600af/framework/web/CWebApplication.php(142): CWebApplication->runController()
#17 /var/www/dniwe.org/yii-1.1.12.b600af/framework/base/CApplication.php(162): CWebApplication->processRequest()
#18 /var/www/dniwe.org/index.php(13): CWebApplication->run()
REQUEST_URI=/
in /var/www/dniwe.org/protected/views/layouts/main.php (51)
in /var/www/dniwe.org/protected/views/layouts/column1.php (6)
in /var/www/dniwe.org/protected/controllers/SiteController.php (32)
2012/08/20 23:37:42 [error] [php] date(): It is not safe to rely on the system's timezone settings. You are *required* to use the date.timezone setting or the date_default_timezone_set() function. In case you used any of those methods and you are still getting this warning, you most likely misspelled the timezone identifier. We selected 'Europe/Moscow' for 'MSK/4.0/no DST' instead (/var/www/dniwe.org/protected/views/layouts/main.php:51)
Stack trace:
#0 /var/www/dniwe.org/yii-1.1.12.b600af/framework/web/CBaseController.php(96): SiteController->renderInternal()
#1 /var/www/dniwe.org/yii-1.1.12.b600af/framework/web/widgets/CContentDecorator.php(77): SiteController->renderFile()
#2 /var/www/dniwe.org/yii-1.1.12.b600af/framework/web/widgets/CContentDecorator.php(55): CContentDecorator->decorate()
#3 /var/www/dniwe.org/yii-1.1.12.b600af/framework/web/widgets/COutputProcessor.php(45): CContentDecorator->processOutput()
#4 /var/www/dniwe.org/yii-1.1.12.b600af/framework/web/CBaseController.php(207): CContentDecorator->run()
#5 /var/www/dniwe.org/yii-1.1.12.b600af/framework/web/CBaseController.php(301): SiteController->endWidget()
#6 /var/www/dniwe.org/protected/views/layouts/column1.php(6): SiteController->endContent()
#7 /var/www/dniwe.org/yii-1.1.12.b600af/framework/web/CBaseController.php(127): require()
#8 /var/www/dniwe.org/yii-1.1.12.b600af/framework/web/CBaseController.php(96): SiteController->renderInternal()
#9 /var/www/dniwe.org/yii-1.1.12.b600af/framework/web/CController.php(785): SiteController->renderFile()
#10 /var/www/dniwe.org/protected/controllers/SiteController.php(32): SiteController->render()
#11 /var/www/dniwe.org/yii-1.1.12.b600af/framework/web/actions/CInlineAction.php(50): SiteController->actionIndex()
#12 /var/www/dniwe.org/yii-1.1.12.b600af/framework/web/CController.php(309): CInlineAction->runWithParams()
#13 /var/www/dniwe.org/yii-1.1.12.b600af/framework/web/CController.php(287): SiteController->runAction()
#14 /var/www/dniwe.org/yii-1.1.12.b600af/framework/web/CController.php(266): SiteController->runActionWithFilters()
#15 /var/www/dniwe.org/yii-1.1.12.b600af/framework/web/CWebApplication.php(283): SiteController->run()
#16 /var/www/dniwe.org/yii-1.1.12.b600af/framework/web/CWebApplication.php(142): CWebApplication->runController()
#17 /var/www/dniwe.org/yii-1.1.12.b600af/framework/base/CApplication.php(162): CWebApplication->processRequest()
#18 /var/www/dniwe.org/index.php(13): CWebApplication->run()
REQUEST_URI=/favicon.ico
in /var/www/dniwe.org/protected/views/layouts/main.php (51)
in /var/www/dniwe.org/protected/views/layouts/column1.php (6)
in /var/www/dniwe.org/protected/controllers/SiteController.php (32)
2012/08/20 23:38:35 [error] [php] date(): It is not safe to rely on the system's timezone settings. You are *required* to use the date.timezone setting or the date_default_timezone_set() function. In case you used any of those methods and you are still getting this warning, you most likely misspelled the timezone identifier. We selected 'Europe/Moscow' for 'MSK/4.0/no DST' instead (/var/www/dniwe.org/protected/views/layouts/main.php:51)
Stack trace:
#0 /var/www/dniwe.org/yii-1.1.12.b600af/framework/web/CBaseController.php(96): SiteController->renderInternal()
#1 /var/www/dniwe.org/yii-1.1.12.b600af/framework/web/widgets/CContentDecorator.php(77): SiteController->renderFile()
#2 /var/www/dniwe.org/yii-1.1.12.b600af/framework/web/widgets/CContentDecorator.php(55): CContentDecorator->decorate()
#3 /var/www/dniwe.org/yii-1.1.12.b600af/framework/web/widgets/COutputProcessor.php(45): CContentDecorator->processOutput()
#4 /var/www/dniwe.org/yii-1.1.12.b600af/framework/web/CBaseController.php(207): CContentDecorator->run()
#5 /var/www/dniwe.org/yii-1.1.12.b600af/framework/web/CBaseController.php(301): SiteController->endWidget()
#6 /var/www/dniwe.org/protected/views/layouts/column1.php(6): SiteController->endContent()
#7 /var/www/dniwe.org/yii-1.1.12.b600af/framework/web/CBaseController.php(127): require()
#8 /var/www/dniwe.org/yii-1.1.12.b600af/framework/web/CBaseController.php(96): SiteController->renderInternal()
#9 /var/www/dniwe.org/yii-1.1.12.b600af/framework/web/CController.php(785): SiteController->renderFile()
#10 /var/www/dniwe.org/protected/controllers/SiteController.php(32): SiteController->render()
#11 /var/www/dniwe.org/yii-1.1.12.b600af/framework/web/actions/CInlineAction.php(50): SiteController->actionIndex()
#12 /var/www/dniwe.org/yii-1.1.12.b600af/framework/web/CController.php(309): CInlineAction->runWithParams()
#13 /var/www/dniwe.org/yii-1.1.12.b600af/framework/web/CController.php(287): SiteController->runAction()
#14 /var/www/dniwe.org/yii-1.1.12.b600af/framework/web/CController.php(266): SiteController->runActionWithFilters()
#15 /var/www/dniwe.org/yii-1.1.12.b600af/framework/web/CWebApplication.php(283): SiteController->run()
#16 /var/www/dniwe.org/yii-1.1.12.b600af/framework/web/CWebApplication.php(142): CWebApplication->runController()
#17 /var/www/dniwe.org/yii-1.1.12.b600af/framework/base/CApplication.php(162): CWebApplication->processRequest()
#18 /var/www/dniwe.org/index.php(13): CWebApplication->run()
REQUEST_URI=/
in /var/www/dniwe.org/protected/views/layouts/main.php (51)
in /var/www/dniwe.org/protected/views/layouts/column1.php (6)
in /var/www/dniwe.org/protected/controllers/SiteController.php (32)
2012/08/20 23:38:35 [error] [php] date(): It is not safe to rely on the system's timezone settings. You are *required* to use the date.timezone setting or the date_default_timezone_set() function. In case you used any of those methods and you are still getting this warning, you most likely misspelled the timezone identifier. We selected 'Europe/Moscow' for 'MSK/4.0/no DST' instead (/var/www/dniwe.org/protected/views/layouts/main.php:51)
Stack trace:
#0 /var/www/dniwe.org/yii-1.1.12.b600af/framework/web/CBaseController.php(96): SiteController->renderInternal()
#1 /var/www/dniwe.org/yii-1.1.12.b600af/framework/web/widgets/CContentDecorator.php(77): SiteController->renderFile()
#2 /var/www/dniwe.org/yii-1.1.12.b600af/framework/web/widgets/CContentDecorator.php(55): CContentDecorator->decorate()
#3 /var/www/dniwe.org/yii-1.1.12.b600af/framework/web/widgets/COutputProcessor.php(45): CContentDecorator->processOutput()
#4 /var/www/dniwe.org/yii-1.1.12.b600af/framework/web/CBaseController.php(207): CContentDecorator->run()
#5 /var/www/dniwe.org/yii-1.1.12.b600af/framework/web/CBaseController.php(301): SiteController->endWidget()
#6 /var/www/dniwe.org/protected/views/layouts/column1.php(6): SiteController->endContent()
#7 /var/www/dniwe.org/yii-1.1.12.b600af/framework/web/CBaseController.php(127): require()
#8 /var/www/dniwe.org/yii-1.1.12.b600af/framework/web/CBaseController.php(96): SiteController->renderInternal()
#9 /var/www/dniwe.org/yii-1.1.12.b600af/framework/web/CController.php(785): SiteController->renderFile()
#10 /var/www/dniwe.org/protected/controllers/SiteController.php(32): SiteController->render()
#11 /var/www/dniwe.org/yii-1.1.12.b600af/framework/web/actions/CInlineAction.php(50): SiteController->actionIndex()
#12 /var/www/dniwe.org/yii-1.1.12.b600af/framework/web/CController.php(309): CInlineAction->runWithParams()
#13 /var/www/dniwe.org/yii-1.1.12.b600af/framework/web/CController.php(287): SiteController->runAction()
#14 /var/www/dniwe.org/yii-1.1.12.b600af/framework/web/CController.php(266): SiteController->runActionWithFilters()
#15 /var/www/dniwe.org/yii-1.1.12.b600af/framework/web/CWebApplication.php(283): SiteController->run()
#16 /var/www/dniwe.org/yii-1.1.12.b600af/framework/web/CWebApplication.php(142): CWebApplication->runController()
#17 /var/www/dniwe.org/yii-1.1.12.b600af/framework/base/CApplication.php(162): CWebApplication->processRequest()
#18 /var/www/dniwe.org/index.php(13): CWebApplication->run()
REQUEST_URI=/favicon.ico
in /var/www/dniwe.org/protected/views/layouts/main.php (51)
in /var/www/dniwe.org/protected/views/layouts/column1.php (6)
in /var/www/dniwe.org/protected/controllers/SiteController.php (32)
2012/08/20 23:38:36 [error] [php] date(): It is not safe to rely on the system's timezone settings. You are *required* to use the date.timezone setting or the date_default_timezone_set() function. In case you used any of those methods and you are still getting this warning, you most likely misspelled the timezone identifier. We selected 'Europe/Moscow' for 'MSK/4.0/no DST' instead (/var/www/dniwe.org/protected/views/layouts/main.php:51)
Stack trace:
#0 /var/www/dniwe.org/yii-1.1.12.b600af/framework/web/CBaseController.php(96): SiteController->renderInternal()
#1 /var/www/dniwe.org/yii-1.1.12.b600af/framework/web/widgets/CContentDecorator.php(77): SiteController->renderFile()
#2 /var/www/dniwe.org/yii-1.1.12.b600af/framework/web/widgets/CContentDecorator.php(55): CContentDecorator->decorate()
#3 /var/www/dniwe.org/yii-1.1.12.b600af/framework/web/widgets/COutputProcessor.php(45): CContentDecorator->processOutput()
#4 /var/www/dniwe.org/yii-1.1.12.b600af/framework/web/CBaseController.php(207): CContentDecorator->run()
#5 /var/www/dniwe.org/yii-1.1.12.b600af/framework/web/CBaseController.php(301): SiteController->endWidget()
#6 /var/www/dniwe.org/protected/views/layouts/column1.php(6): SiteController->endContent()
#7 /var/www/dniwe.org/yii-1.1.12.b600af/framework/web/CBaseController.php(127): require()
#8 /var/www/dniwe.org/yii-1.1.12.b600af/framework/web/CBaseController.php(96): SiteController->renderInternal()
#9 /var/www/dniwe.org/yii-1.1.12.b600af/framework/web/CController.php(785): SiteController->renderFile()
#10 /var/www/dniwe.org/protected/controllers/SiteController.php(32): SiteController->render()
#11 /var/www/dniwe.org/yii-1.1.12.b600af/framework/web/actions/CInlineAction.php(50): SiteController->actionIndex()
#12 /var/www/dniwe.org/yii-1.1.12.b600af/framework/web/CController.php(309): CInlineAction->runWithParams()
#13 /var/www/dniwe.org/yii-1.1.12.b600af/framework/web/CController.php(287): SiteController->runAction()
#14 /var/www/dniwe.org/yii-1.1.12.b600af/framework/web/CController.php(266): SiteController->runActionWithFilters()
#15 /var/www/dniwe.org/yii-1.1.12.b600af/framework/web/CWebApplication.php(283): SiteController->run()
#16 /var/www/dniwe.org/yii-1.1.12.b600af/framework/web/CWebApplication.php(142): CWebApplication->runController()
#17 /var/www/dniwe.org/yii-1.1.12.b600af/framework/base/CApplication.php(162): CWebApplication->processRequest()
#18 /var/www/dniwe.org/index.php(13): CWebApplication->run()
REQUEST_URI=/
in /var/www/dniwe.org/protected/views/layouts/main.php (51)
in /var/www/dniwe.org/protected/views/layouts/column1.php (6)
in /var/www/dniwe.org/protected/controllers/SiteController.php (32)
2012/08/20 23:38:36 [error] [php] date(): It is not safe to rely on the system's timezone settings. You are *required* to use the date.timezone setting or the date_default_timezone_set() function. In case you used any of those methods and you are still getting this warning, you most likely misspelled the timezone identifier. We selected 'Europe/Moscow' for 'MSK/4.0/no DST' instead (/var/www/dniwe.org/protected/views/layouts/main.php:51)
Stack trace:
#0 /var/www/dniwe.org/yii-1.1.12.b600af/framework/web/CBaseController.php(96): SiteController->renderInternal()
#1 /var/www/dniwe.org/yii-1.1.12.b600af/framework/web/widgets/CContentDecorator.php(77): SiteController->renderFile()
#2 /var/www/dniwe.org/yii-1.1.12.b600af/framework/web/widgets/CContentDecorator.php(55): CContentDecorator->decorate()
#3 /var/www/dniwe.org/yii-1.1.12.b600af/framework/web/widgets/COutputProcessor.php(45): CContentDecorator->processOutput()
#4 /var/www/dniwe.org/yii-1.1.12.b600af/framework/web/CBaseController.php(207): CContentDecorator->run()
#5 /var/www/dniwe.org/yii-1.1.12.b600af/framework/web/CBaseController.php(301): SiteController->endWidget()
#6 /var/www/dniwe.org/protected/views/layouts/column1.php(6): SiteController->endContent()
#7 /var/www/dniwe.org/yii-1.1.12.b600af/framework/web/CBaseController.php(127): require()
#8 /var/www/dniwe.org/yii-1.1.12.b600af/framework/web/CBaseController.php(96): SiteController->renderInternal()
#9 /var/www/dniwe.org/yii-1.1.12.b600af/framework/web/CController.php(785): SiteController->renderFile()
#10 /var/www/dniwe.org/protected/controllers/SiteController.php(32): SiteController->render()
#11 /var/www/dniwe.org/yii-1.1.12.b600af/framework/web/actions/CInlineAction.php(50): SiteController->actionIndex()
#12 /var/www/dniwe.org/yii-1.1.12.b600af/framework/web/CController.php(309): CInlineAction->runWithParams()
#13 /var/www/dniwe.org/yii-1.1.12.b600af/framework/web/CController.php(287): SiteController->runAction()
#14 /var/www/dniwe.org/yii-1.1.12.b600af/framework/web/CController.php(266): SiteController->runActionWithFilters()
#15 /var/www/dniwe.org/yii-1.1.12.b600af/framework/web/CWebApplication.php(283): SiteController->run()
#16 /var/www/dniwe.org/yii-1.1.12.b600af/framework/web/CWebApplication.php(142): CWebApplication->runController()
#17 /var/www/dniwe.org/yii-1.1.12.b600af/framework/base/CApplication.php(162): CWebApplication->processRequest()
#18 /var/www/dniwe.org/index.php(13): CWebApplication->run()
REQUEST_URI=/favicon.ico
in /var/www/dniwe.org/protected/views/layouts/main.php (51)
in /var/www/dniwe.org/protected/views/layouts/column1.php (6)
in /var/www/dniwe.org/protected/controllers/SiteController.php (32)
2012/08/20 23:38:36 [error] [php] date(): It is not safe to rely on the system's timezone settings. You are *required* to use the date.timezone setting or the date_default_timezone_set() function. In case you used any of those methods and you are still getting this warning, you most likely misspelled the timezone identifier. We selected 'Europe/Moscow' for 'MSK/4.0/no DST' instead (/var/www/dniwe.org/protected/views/layouts/main.php:51)
Stack trace:
#0 /var/www/dniwe.org/yii-1.1.12.b600af/framework/web/CBaseController.php(96): SiteController->renderInternal()
#1 /var/www/dniwe.org/yii-1.1.12.b600af/framework/web/widgets/CContentDecorator.php(77): SiteController->renderFile()
#2 /var/www/dniwe.org/yii-1.1.12.b600af/framework/web/widgets/CContentDecorator.php(55): CContentDecorator->decorate()
#3 /var/www/dniwe.org/yii-1.1.12.b600af/framework/web/widgets/COutputProcessor.php(45): CContentDecorator->processOutput()
#4 /var/www/dniwe.org/yii-1.1.12.b600af/framework/web/CBaseController.php(207): CContentDecorator->run()
#5 /var/www/dniwe.org/yii-1.1.12.b600af/framework/web/CBaseController.php(301): SiteController->endWidget()
#6 /var/www/dniwe.org/protected/views/layouts/column1.php(6): SiteController->endContent()
#7 /var/www/dniwe.org/yii-1.1.12.b600af/framework/web/CBaseController.php(127): require()
#8 /var/www/dniwe.org/yii-1.1.12.b600af/framework/web/CBaseController.php(96): SiteController->renderInternal()
#9 /var/www/dniwe.org/yii-1.1.12.b600af/framework/web/CController.php(785): SiteController->renderFile()
#10 /var/www/dniwe.org/protected/controllers/SiteController.php(32): SiteController->render()
#11 /var/www/dniwe.org/yii-1.1.12.b600af/framework/web/actions/CInlineAction.php(50): SiteController->actionIndex()
#12 /var/www/dniwe.org/yii-1.1.12.b600af/framework/web/CController.php(309): CInlineAction->runWithParams()
#13 /var/www/dniwe.org/yii-1.1.12.b600af/framework/web/CController.php(287): SiteController->runAction()
#14 /var/www/dniwe.org/yii-1.1.12.b600af/framework/web/CController.php(266): SiteController->runActionWithFilters()
#15 /var/www/dniwe.org/yii-1.1.12.b600af/framework/web/CWebApplication.php(283): SiteController->run()
#16 /var/www/dniwe.org/yii-1.1.12.b600af/framework/web/CWebApplication.php(142): CWebApplication->runController()
#17 /var/www/dniwe.org/yii-1.1.12.b600af/framework/base/CApplication.php(162): CWebApplication->processRequest()
#18 /var/www/dniwe.org/index.php(13): CWebApplication->run()
REQUEST_URI=/
in /var/www/dniwe.org/protected/views/layouts/main.php (51)
in /var/www/dniwe.org/protected/views/layouts/column1.php (6)
in /var/www/dniwe.org/protected/controllers/SiteController.php (32)
2012/08/20 23:38:37 [error] [php] date(): It is not safe to rely on the system's timezone settings. You are *required* to use the date.timezone setting or the date_default_timezone_set() function. In case you used any of those methods and you are still getting this warning, you most likely misspelled the timezone identifier. We selected 'Europe/Moscow' for 'MSK/4.0/no DST' instead (/var/www/dniwe.org/protected/views/layouts/main.php:51)
Stack trace:
#0 /var/www/dniwe.org/yii-1.1.12.b600af/framework/web/CBaseController.php(96): SiteController->renderInternal()
#1 /var/www/dniwe.org/yii-1.1.12.b600af/framework/web/widgets/CContentDecorator.php(77): SiteController->renderFile()
#2 /var/www/dniwe.org/yii-1.1.12.b600af/framework/web/widgets/CContentDecorator.php(55): CContentDecorator->decorate()
#3 /var/www/dniwe.org/yii-1.1.12.b600af/framework/web/widgets/COutputProcessor.php(45): CContentDecorator->processOutput()
#4 /var/www/dniwe.org/yii-1.1.12.b600af/framework/web/CBaseController.php(207): CContentDecorator->run()
#5 /var/www/dniwe.org/yii-1.1.12.b600af/framework/web/CBaseController.php(301): SiteController->endWidget()
#6 /var/www/dniwe.org/protected/views/layouts/column1.php(6): SiteController->endContent()
#7 /var/www/dniwe.org/yii-1.1.12.b600af/framework/web/CBaseController.php(127): require()
#8 /var/www/dniwe.org/yii-1.1.12.b600af/framework/web/CBaseController.php(96): SiteController->renderInternal()
#9 /var/www/dniwe.org/yii-1.1.12.b600af/framework/web/CController.php(785): SiteController->renderFile()
#10 /var/www/dniwe.org/protected/controllers/SiteController.php(32): SiteController->render()
#11 /var/www/dniwe.org/yii-1.1.12.b600af/framework/web/actions/CInlineAction.php(50): SiteController->actionIndex()
#12 /var/www/dniwe.org/yii-1.1.12.b600af/framework/web/CController.php(309): CInlineAction->runWithParams()
#13 /var/www/dniwe.org/yii-1.1.12.b600af/framework/web/CController.php(287): SiteController->runAction()
#14 /var/www/dniwe.org/yii-1.1.12.b600af/framework/web/CController.php(266): SiteController->runActionWithFilters()
#15 /var/www/dniwe.org/yii-1.1.12.b600af/framework/web/CWebApplication.php(283): SiteController->run()
#16 /var/www/dniwe.org/yii-1.1.12.b600af/framework/web/CWebApplication.php(142): CWebApplication->runController()
#17 /var/www/dniwe.org/yii-1.1.12.b600af/framework/base/CApplication.php(162): CWebApplication->processRequest()
#18 /var/www/dniwe.org/index.php(13): CWebApplication->run()
REQUEST_URI=/favicon.ico
in /var/www/dniwe.org/protected/views/layouts/main.php (51)
in /var/www/dniwe.org/protected/views/layouts/column1.php (6)
in /var/www/dniwe.org/protected/controllers/SiteController.php (32)
2012/08/20 23:38:37 [error] [php] date(): It is not safe to rely on the system's timezone settings. You are *required* to use the date.timezone setting or the date_default_timezone_set() function. In case you used any of those methods and you are still getting this warning, you most likely misspelled the timezone identifier. We selected 'Europe/Moscow' for 'MSK/4.0/no DST' instead (/var/www/dniwe.org/protected/views/layouts/main.php:51)
Stack trace:
#0 /var/www/dniwe.org/yii-1.1.12.b600af/framework/web/CBaseController.php(96): SiteController->renderInternal()
#1 /var/www/dniwe.org/yii-1.1.12.b600af/framework/web/widgets/CContentDecorator.php(77): SiteController->renderFile()
#2 /var/www/dniwe.org/yii-1.1.12.b600af/framework/web/widgets/CContentDecorator.php(55): CContentDecorator->decorate()
#3 /var/www/dniwe.org/yii-1.1.12.b600af/framework/web/widgets/COutputProcessor.php(45): CContentDecorator->processOutput()
#4 /var/www/dniwe.org/yii-1.1.12.b600af/framework/web/CBaseController.php(207): CContentDecorator->run()
#5 /var/www/dniwe.org/yii-1.1.12.b600af/framework/web/CBaseController.php(301): SiteController->endWidget()
#6 /var/www/dniwe.org/protected/views/layouts/column1.php(6): SiteController->endContent()
#7 /var/www/dniwe.org/yii-1.1.12.b600af/framework/web/CBaseController.php(127): require()
#8 /var/www/dniwe.org/yii-1.1.12.b600af/framework/web/CBaseController.php(96): SiteController->renderInternal()
#9 /var/www/dniwe.org/yii-1.1.12.b600af/framework/web/CController.php(785): SiteController->renderFile()
#10 /var/www/dniwe.org/protected/controllers/SiteController.php(32): SiteController->render()
#11 /var/www/dniwe.org/yii-1.1.12.b600af/framework/web/actions/CInlineAction.php(50): SiteController->actionIndex()
#12 /var/www/dniwe.org/yii-1.1.12.b600af/framework/web/CController.php(309): CInlineAction->runWithParams()
#13 /var/www/dniwe.org/yii-1.1.12.b600af/framework/web/CController.php(287): SiteController->runAction()
#14 /var/www/dniwe.org/yii-1.1.12.b600af/framework/web/CController.php(266): SiteController->runActionWithFilters()
#15 /var/www/dniwe.org/yii-1.1.12.b600af/framework/web/CWebApplication.php(283): SiteController->run()
#16 /var/www/dniwe.org/yii-1.1.12.b600af/framework/web/CWebApplication.php(142): CWebApplication->runController()
#17 /var/www/dniwe.org/yii-1.1.12.b600af/framework/base/CApplication.php(162): CWebApplication->processRequest()
#18 /var/www/dniwe.org/index.php(13): CWebApplication->run()
REQUEST_URI=/
in /var/www/dniwe.org/protected/views/layouts/main.php (51)
in /var/www/dniwe.org/protected/views/layouts/column1.php (6)
in /var/www/dniwe.org/protected/controllers/SiteController.php (32)
2012/08/20 23:38:37 [error] [php] date(): It is not safe to rely on the system's timezone settings. You are *required* to use the date.timezone setting or the date_default_timezone_set() function. In case you used any of those methods and you are still getting this warning, you most likely misspelled the timezone identifier. We selected 'Europe/Moscow' for 'MSK/4.0/no DST' instead (/var/www/dniwe.org/protected/views/layouts/main.php:51)
Stack trace:
#0 /var/www/dniwe.org/yii-1.1.12.b600af/framework/web/CBaseController.php(96): SiteController->renderInternal()
#1 /var/www/dniwe.org/yii-1.1.12.b600af/framework/web/widgets/CContentDecorator.php(77): SiteController->renderFile()
#2 /var/www/dniwe.org/yii-1.1.12.b600af/framework/web/widgets/CContentDecorator.php(55): CContentDecorator->decorate()
#3 /var/www/dniwe.org/yii-1.1.12.b600af/framework/web/widgets/COutputProcessor.php(45): CContentDecorator->processOutput()
#4 /var/www/dniwe.org/yii-1.1.12.b600af/framework/web/CBaseController.php(207): CContentDecorator->run()
#5 /var/www/dniwe.org/yii-1.1.12.b600af/framework/web/CBaseController.php(301): SiteController->endWidget()
#6 /var/www/dniwe.org/protected/views/layouts/column1.php(6): SiteController->endContent()
#7 /var/www/dniwe.org/yii-1.1.12.b600af/framework/web/CBaseController.php(127): require()
#8 /var/www/dniwe.org/yii-1.1.12.b600af/framework/web/CBaseController.php(96): SiteController->renderInternal()
#9 /var/www/dniwe.org/yii-1.1.12.b600af/framework/web/CController.php(785): SiteController->renderFile()
#10 /var/www/dniwe.org/protected/controllers/SiteController.php(32): SiteController->render()
#11 /var/www/dniwe.org/yii-1.1.12.b600af/framework/web/actions/CInlineAction.php(50): SiteController->actionIndex()
#12 /var/www/dniwe.org/yii-1.1.12.b600af/framework/web/CController.php(309): CInlineAction->runWithParams()
#13 /var/www/dniwe.org/yii-1.1.12.b600af/framework/web/CController.php(287): SiteController->runAction()
#14 /var/www/dniwe.org/yii-1.1.12.b600af/framework/web/CController.php(266): SiteController->runActionWithFilters()
#15 /var/www/dniwe.org/yii-1.1.12.b600af/framework/web/CWebApplication.php(283): SiteController->run()
#16 /var/www/dniwe.org/yii-1.1.12.b600af/framework/web/CWebApplication.php(142): CWebApplication->runController()
#17 /var/www/dniwe.org/yii-1.1.12.b600af/framework/base/CApplication.php(162): CWebApplication->processRequest()
#18 /var/www/dniwe.org/index.php(13): CWebApplication->run()
REQUEST_URI=/favicon.ico
in /var/www/dniwe.org/protected/views/layouts/main.php (51)
in /var/www/dniwe.org/protected/views/layouts/column1.php (6)
in /var/www/dniwe.org/protected/controllers/SiteController.php (32)
2012/08/29 14:58:02 [error] [php] Invalid argument supplied for foreach() (Z:\home\local.dniwe.org\frameworks\yii-1.1.12.b600af\framework\zii\widgets\CMenu.php:255)
Stack trace:
#0 Z:\home\local.dniwe.org\frameworks\yii-1.1.12.b600af\framework\web\CBaseController.php(148): CMenu->init()
#1 Z:\home\local.dniwe.org\frameworks\yii-1.1.12.b600af\framework\web\CBaseController.php(173): SiteController->createWidget()
#2 Z:\home\local.dniwe.org\www\protected\views\layouts\main.php(43): SiteController->widget()
#3 Z:\home\local.dniwe.org\frameworks\yii-1.1.12.b600af\framework\web\CBaseController.php(127): require()
#4 Z:\home\local.dniwe.org\frameworks\yii-1.1.12.b600af\framework\web\CBaseController.php(96): SiteController->renderInternal()
#5 Z:\home\local.dniwe.org\frameworks\yii-1.1.12.b600af\framework\web\widgets\CContentDecorator.php(77): SiteController->renderFile()
#6 Z:\home\local.dniwe.org\frameworks\yii-1.1.12.b600af\framework\web\widgets\CContentDecorator.php(55): CContentDecorator->decorate()
#7 Z:\home\local.dniwe.org\frameworks\yii-1.1.12.b600af\framework\web\widgets\COutputProcessor.php(45): CContentDecorator->processOutput()
#8 Z:\home\local.dniwe.org\frameworks\yii-1.1.12.b600af\framework\web\CBaseController.php(207): CContentDecorator->run()
#9 Z:\home\local.dniwe.org\frameworks\yii-1.1.12.b600af\framework\web\CBaseController.php(301): SiteController->endWidget()
#10 Z:\home\local.dniwe.org\www\protected\views\layouts\column1.php(6): SiteController->endContent()
#11 Z:\home\local.dniwe.org\frameworks\yii-1.1.12.b600af\framework\web\CBaseController.php(127): require()
#12 Z:\home\local.dniwe.org\frameworks\yii-1.1.12.b600af\framework\web\CBaseController.php(96): SiteController->renderInternal()
#13 Z:\home\local.dniwe.org\frameworks\yii-1.1.12.b600af\framework\web\CController.php(785): SiteController->renderFile()
#14 Z:\home\local.dniwe.org\www\protected\controllers\SiteController.php(32): SiteController->render()
#15 Z:\home\local.dniwe.org\frameworks\yii-1.1.12.b600af\framework\web\actions\CInlineAction.php(50): SiteController->actionIndex()
#16 Z:\home\local.dniwe.org\frameworks\yii-1.1.12.b600af\framework\web\CController.php(309): CInlineAction->runWithParams()
#17 Z:\home\local.dniwe.org\frameworks\yii-1.1.12.b600af\framework\web\CController.php(287): SiteController->runAction()
#18 Z:\home\local.dniwe.org\frameworks\yii-1.1.12.b600af\framework\web\CController.php(266): SiteController->runActionWithFilters()
#19 Z:\home\local.dniwe.org\frameworks\yii-1.1.12.b600af\framework\web\CWebApplication.php(283): SiteController->run()
#20 Z:\home\local.dniwe.org\frameworks\yii-1.1.12.b600af\framework\web\CWebApplication.php(142): CWebApplication->runController()
#21 Z:\home\local.dniwe.org\frameworks\yii-1.1.12.b600af\framework\base\CApplication.php(162): CWebApplication->processRequest()
#22 Z:\home\local.dniwe.org\www\index.php(13): CWebApplication->run()
REQUEST_URI=/
in Z:\home\local.dniwe.org\www\protected\views\layouts\main.php (43)
in Z:\home\local.dniwe.org\www\protected\views\layouts\column1.php (6)
in Z:\home\local.dniwe.org\www\protected\controllers\SiteController.php (32)
2012/08/30 10:29:10 [error] [php] Use of undefined constant php - assumed 'php' (D:\wamp\www\dniwe\www\protected\views\layouts\main.php:69)
Stack trace:
#0 D:\wamp\www\dniwe\frameworks\yii-1.1.12.b600af\framework\web\widgets\CContentDecorator.php(77): SiteController->renderFile()
#1 D:\wamp\www\dniwe\frameworks\yii-1.1.12.b600af\framework\web\widgets\CContentDecorator.php(55): CContentDecorator->decorate()
#2 D:\wamp\www\dniwe\frameworks\yii-1.1.12.b600af\framework\web\widgets\COutputProcessor.php(45): CContentDecorator->processOutput()
#3 D:\wamp\www\dniwe\frameworks\yii-1.1.12.b600af\framework\web\CBaseController.php(207): CContentDecorator->run()
#4 D:\wamp\www\dniwe\frameworks\yii-1.1.12.b600af\framework\web\CBaseController.php(301): SiteController->endWidget()
#5 D:\wamp\www\dniwe\www\protected\views\layouts\column1.php(6): SiteController->endContent()
#6 D:\wamp\www\dniwe\frameworks\yii-1.1.12.b600af\framework\web\CBaseController.php(127): require()
#7 D:\wamp\www\dniwe\frameworks\yii-1.1.12.b600af\framework\web\CBaseController.php(96): SiteController->renderInternal()
#8 D:\wamp\www\dniwe\frameworks\yii-1.1.12.b600af\framework\web\CController.php(785): SiteController->renderFile()
#9 D:\wamp\www\dniwe\www\protected\controllers\SiteController.php(32): SiteController->render()
#10 D:\wamp\www\dniwe\frameworks\yii-1.1.12.b600af\framework\web\actions\CInlineAction.php(50): SiteController->actionIndex()
#11 D:\wamp\www\dniwe\frameworks\yii-1.1.12.b600af\framework\web\CController.php(309): CInlineAction->runWithParams()
#12 D:\wamp\www\dniwe\frameworks\yii-1.1.12.b600af\framework\web\CController.php(287): SiteController->runAction()
#13 D:\wamp\www\dniwe\frameworks\yii-1.1.12.b600af\framework\web\CController.php(266): SiteController->runActionWithFilters()
#14 D:\wamp\www\dniwe\frameworks\yii-1.1.12.b600af\framework\web\CWebApplication.php(283): SiteController->run()
#15 D:\wamp\www\dniwe\frameworks\yii-1.1.12.b600af\framework\web\CWebApplication.php(142): CWebApplication->runController()
#16 D:\wamp\www\dniwe\frameworks\yii-1.1.12.b600af\framework\base\CApplication.php(162): CWebApplication->processRequest()
#17 D:\wamp\www\dniwe\www\index.php(13): CWebApplication->run()
REQUEST_URI=/index.php?r=site/index
in D:\wamp\www\dniwe\www\protected\views\layouts\main.php (69)
in D:\wamp\www\dniwe\www\protected\views\layouts\column1.php (6)
in D:\wamp\www\dniwe\www\protected\controllers\SiteController.php (32)
